<?xml version="1.0" encoding="UTF-8"?>
<testng-results ignored="0" total="3" passed="3" failed="0" skipped="0">
  <reporter-output>
  </reporter-output>
  <suite started-at="2025-02-26T03:35:05 IST" name="Default suite" finished-at="2025-02-26T03:35:49 IST" duration-ms="44449">
    <groups>
      <group name="cucumber">
        <method signature="AbstractTestNGCucumberTests.runScenario(io.cucumber.testng.PickleWrapper,io.cucumber.testng.FeatureWrapper)[pri:0, instance:TestRunnerFile.TestRunnerClass@765d7657]" name="runScenario" class="io.cucumber.testng.AbstractTestNGCucumberTests"/>
      </group> <!-- cucumber -->
    </groups>
    <test started-at="2025-02-26T03:35:05 IST" name="Default test" finished-at="2025-02-26T03:35:49 IST" duration-ms="44449">
      <class name="TestRunnerFile.TestRunnerClass">
        <test-method is-config="true" signature="setUpClass(org.testng.ITestContext)[pri:0, instance:TestRunnerFile.TestRunnerClass@765d7657]" started-at="2025-02-26T03:35:05 IST" name="setUpClass" finished-at="2025-02-26T03:35:05 IST" duration-ms="159" status="PASS">
          <params>
            <param index="0">
              <value>
                <![CDATA[org.testng.TestRunner@22d7b4f8]]>
              </value>
            </param>
          </params>
          <reporter-output>
          </reporter-output>
        </test-method> <!-- setUpClass -->
        <test-method signature="runScenario(io.cucumber.testng.PickleWrapper,io.cucumber.testng.FeatureWrapper)[pri:0, instance:TestRunnerFile.TestRunnerClass@765d7657]" started-at="2025-02-26T03:35:05 IST" name="runScenario" description="Runs Cucumber Scenarios" data-provider="scenarios" finished-at="2025-02-26T03:35:17 IST" duration-ms="12114" status="PASS">
          <params>
            <param index="0">
              <value>
                <![CDATA["Validate Scenario one"]]>
              </value>
            </param>
            <param index="1">
              <value>
                <![CDATA["Test HRM application"]]>
              </value>
            </param>
          </params>
          <reporter-output>
          </reporter-output>
        </test-method> <!-- runScenario -->
        <test-method signature="runScenario(io.cucumber.testng.PickleWrapper,io.cucumber.testng.FeatureWrapper)[pri:0, instance:TestRunnerFile.TestRunnerClass@765d7657]" started-at="2025-02-26T03:35:17 IST" name="runScenario" description="Runs Cucumber Scenarios" data-provider="scenarios" finished-at="2025-02-26T03:35:33 IST" duration-ms="16075" status="PASS">
          <params>
            <param index="0">
              <value>
                <![CDATA["Validate Scenario two"]]>
              </value>
            </param>
            <param index="1">
              <value>
                <![CDATA["Test HRM application"]]>
              </value>
            </param>
          </params>
          <reporter-output>
          </reporter-output>
        </test-method> <!-- runScenario -->
        <test-method signature="runScenario(io.cucumber.testng.PickleWrapper,io.cucumber.testng.FeatureWrapper)[pri:0, instance:TestRunnerFile.TestRunnerClass@765d7657]" started-at="2025-02-26T03:35:33 IST" name="runScenario" description="Runs Cucumber Scenarios" data-provider="scenarios" finished-at="2025-02-26T03:35:49 IST" duration-ms="16072" status="PASS">
          <params>
            <param index="0">
              <value>
                <![CDATA["Validate Scenario three"]]>
              </value>
            </param>
            <param index="1">
              <value>
                <![CDATA["Test HRM application"]]>
              </value>
            </param>
          </params>
          <reporter-output>
          </reporter-output>
        </test-method> <!-- runScenario -->
        <test-method is-config="true" signature="tearDownClass()[pri:0, instance:TestRunnerFile.TestRunnerClass@765d7657]" started-at="2025-02-26T03:35:49 IST" name="tearDownClass" finished-at="2025-02-26T03:35:49 IST" duration-ms="1" status="PASS">
          <reporter-output>
          </reporter-output>
        </test-method> <!-- tearDownClass -->
      </class> <!-- TestRunnerFile.TestRunnerClass -->
    </test> <!-- Default test -->
  </suite> <!-- Default suite -->
</testng-results>
